<?xml version="1.0" encoding="UTF-8"?>
<!-- Generated by org.testng.reporters.JUnitReportReporter -->
<testsuite hostname="DESKTOP-1LCU6CA" failures="0" tests="2" name="demo.Annotations" time="0.026" errors="0" timestamp="2023-08-29T23:22:47 IST" skipped="0">
  <testcase classname="demo.Annotations" name="m2" time="0.010"/>
  <testcase classname="demo.Annotations" name="m1" time="0.016"/>
</testsuite> <!-- demo.Annotations -->
