<?xml version="1.0" encoding="UTF-8"?>
<!-- Generated by org.testng.reporters.JUnitReportReporter -->
<testsuite hostname="DESKTOP-1LCU6CA" failures="0" tests="1" name="demo.Amazon" time="6.948" errors="0" timestamp="2023-08-29T23:35:16 IST" skipped="0">
  <testcase classname="demo.Amazon" name="login" time="6.948"/>
</testsuite> <!-- demo.Amazon -->
