<?xml version="1.0" encoding="UTF-8"?>
<!-- Generated by org.testng.reporters.JUnitReportReporter -->
<testsuite hostname="DESKTOP-1LCU6CA" failures="0" tests="2" name="demo.A2" time="0.020" errors="0" timestamp="2023-09-01T23:34:59 IST" skipped="0">
  <testcase classname="demo.A2" name="C1" time="0.016"/>
  <testcase classname="demo.A2" name="C3" time="0.004"/>
</testsuite> <!-- demo.A2 -->
