<?xml version="1.0" encoding="UTF-8"?>
<!-- Generated by org.testng.reporters.JUnitReportReporter -->
<testsuite hostname="DESKTOP-1LCU6CA" failures="0" tests="1" name="demo.A" time="2.006" errors="0" timestamp="2023-08-28T23:17:07 IST" skipped="0">
  <testcase classname="demo.A" name="login" time="2.006"/>
</testsuite> <!-- demo.A -->
