<?xml version="1.0" encoding="UTF-8"?>
<!-- Generated by org.testng.reporters.JUnitReportReporter -->
<testsuite hostname="DESKTOP-1LCU6CA" failures="0" tests="2" name="demo.A1" time="0.016" errors="0" timestamp="2023-09-01T19:40:28 IST" skipped="0">
  <testcase classname="demo.A1" name="M1" time="0.013"/>
  <testcase classname="demo.A1" name="M3" time="0.003"/>
</testsuite> <!-- demo.A1 -->
